[debug] [2022-10-11T09:13:45.822Z] ----------------------------------------------------------------------
[debug] [2022-10-11T09:13:45.826Z] Command:       C:\Users\ENTER\Documents\node.exe C:\Users\ENTER\AppData\Roaming\npm\node_modules\firebase-tools\lib\bin\firebase.js init
[debug] [2022-10-11T09:13:45.826Z] CLI Version:   11.14.1
[debug] [2022-10-11T09:13:45.827Z] Platform:      win32
[debug] [2022-10-11T09:13:45.827Z] Node Version:  v16.15.1
[debug] [2022-10-11T09:13:45.828Z] Time:          Tue Oct 11 2022 14:43:45 GMT+0530 (India Standard Time)
[debug] [2022-10-11T09:13:45.829Z] ----------------------------------------------------------------------
[debug] 
[debug] [2022-10-11T09:13:45.841Z] > command requires scopes: ["email","openid","https://www.googleapis.com/auth/cloudplatformprojects.readonly","https://www.googleapis.com/auth/firebase","https://www.googleapis.com/auth/cloud-platform"]
[debug] [2022-10-11T09:13:45.842Z] > authorizing via signed-in user (jamshuzi5@gmail.com)
[info] 
     ######## #### ########  ######## ########     ###     ######  ########
     ##        ##  ##     ## ##       ##     ##  ##   ##  ##       ##
     ######    ##  ########  ######   ########  #########  ######  ######
     ##        ##  ##    ##  ##       ##     ## ##     ##       ## ##
     ##       #### ##     ## ######## ########  ##     ##  ######  ########

You're about to initialize a Firebase project in this directory:

  C:\Users\ENTER\Desktop\portfolio new

[info] 
=== Project Setup
[info] 
[info] First, let's associate this project directory with a Firebase project.
[info] You can create multiple project aliases by running firebase use --add, 
[info] but for now we'll just set up a default project.
[info] 
[debug] [2022-10-11T09:14:50.688Z] >>> [apiv2][query] GET https://firebase.googleapis.com/v1beta1/projects pageSize=100
[debug] [2022-10-11T09:14:51.995Z] <<< [apiv2][status] GET https://firebase.googleapis.com/v1beta1/projects 200
[debug] [2022-10-11T09:14:51.996Z] <<< [apiv2][body] GET https://firebase.googleapis.com/v1beta1/projects [omitted]
[info] i  Using project personal-website-1b2e3 (personal website) 
[info] 
=== Hosting Setup
[info] 
[info] Your public directory is the folder (relative to your project directory) that
[info] will contain Hosting assets to be uploaded with firebase deploy. If you
[info] have a build process for your assets, use your build's output directory.
[info] 
